<!DOCTYPE html PUBLIC "-//W3C//DTD XHTML 1.1//EN" "https://www.w3.org/TR/xhtml11/DTD/xhtml11.dtd">
<html xmlns="https://www.w3.org/1999/xhtml">
<head>
<meta http-equiv="content-type" content="text/html; charset=UTF-8"/>
<title>TestNG Report</title>
<style type="text/css">table {margin-bottom:10px;border-collapse:collapse;empty-cells:show}th,td {border:1px solid #009;padding:.25em .5em}th {vertical-align:bottom}td {vertical-align:top}table a {font-weight:bold}.stripe td {background-color: #E6EBF9}.num {text-align:right}.passedodd td {background-color: #3F3}.passedeven td {background-color: #0A0}.skippedodd td {background-color: #DDD}.skippedeven td {background-color: #CCC}.failedodd td,.attn {background-color: #F33}.failedeven td,.stripe .attn {background-color: #D00}.stacktrace {white-space:pre;font-family:monospace}.totop {font-size:85%;text-align:center;border-bottom:2px solid #000}.invisible {display:none}</style>
</head>
<body>
<table>
<tr><th>Test</th><th># Passed</th><th># Skipped</th><th># Retried</th><th># Failed</th><th>Time (ms)</th><th>Included Groups</th><th>Excluded Groups</th></tr>
<tr><th colspan="8">Suite</th></tr>
<tr><td><a href="#t0">chrome</a></td><td class="num">2</td><td class="num">0</td><td class="num">0</td><td class="num attn">1</td><td class="num">97,689</td><td></td><td></td></tr>
<tr class="stripe"><td><a href="#t1">firefox</a></td><td class="num">2</td><td class="num">0</td><td class="num">0</td><td class="num attn">1</td><td class="num">69,890</td><td></td><td></td></tr>
<tr><th>Total</th><th class="num">4</th><th class="num">0</th><th class="num">0</th><th class="num attn">2</th><th class="num">167,579</th><th colspan="2"></th></tr>
</table>
<table id='summary'><thead><tr><th>Class</th><th>Method</th><th>Start</th><th>Time (ms)</th></tr></thead><tbody><tr><th colspan="4">Suite</th></tr></tbody><tbody id="t0"><tr><th colspan="4">chrome &#8212; failed</th></tr><tr class="failedeven"><td rowspan="1">com.testCases.TC_003_LoginDataDrivenTest</td><td><a href="#m0">dataDrivenTest</a></td><td rowspan="1">1700496139984</td><td rowspan="1">31320</td></tr><tr><th colspan="4">chrome &#8212; passed</th></tr><tr class="passedeven"><td rowspan="2">com.testCases.TC_003_LoginDataDrivenTest</td><td><a href="#m1">dataDrivenTest</a></td><td rowspan="2">1700496078109</td><td rowspan="2">31154</td></tr><tr class="passedeven"><td><a href="#m2">dataDrivenTest</a></td></tr></tbody>
<tbody id="t1"><tr><th colspan="4">firefox &#8212; failed</th></tr><tr class="failedeven"><td rowspan="1">com.testCases.TC_003_LoginDataDrivenTest</td><td><a href="#m3">dataDrivenTest</a></td><td rowspan="1">1700496238020</td><td rowspan="1">1269</td></tr><tr><th colspan="4">firefox &#8212; passed</th></tr><tr class="passedeven"><td rowspan="2">com.testCases.TC_003_LoginDataDrivenTest</td><td><a href="#m4">dataDrivenTest</a></td><td rowspan="2">1700496175746</td><td rowspan="2">31113</td></tr><tr class="passedeven"><td><a href="#m5">dataDrivenTest</a></td></tr></tbody>
</table>
<h2>chrome</h2><h3 id="m0">com.testCases.TC_003_LoginDataDrivenTest#dataDrivenTest</h3><table class="result"><tr class="param"><th>Parameter #1</th><th>Parameter #2</th><th>Parameter #3</th></tr><tr class="param stripe"><td>YRHlpUA@gmail.com</td><td>XfKNnLt@)!</td><td>valid</td></tr><tr><th colspan="3">Exception</th></tr><tr><td colspan="3"><div class="stacktrace">java.lang.AssertionError: null
	at com.testCases.TC_003_LoginDataDrivenTest.dataDrivenTest(TC_003_LoginDataDrivenTest.java:50)
	at java.base/java.util.ArrayList.forEach(ArrayList.java:1511)
... Removed 27 stack frames</div></td></tr></table><p class="totop"><a href="#summary">back to summary</a></p>
<h3 id="m1">com.testCases.TC_003_LoginDataDrivenTest#dataDrivenTest</h3><table class="result"><tr class="param"><th>Parameter #1</th><th>Parameter #2</th><th>Parameter #3</th></tr><tr class="param stripe"><td>test@gmail.com</td><td>123</td><td>invalid</td></tr></table><p class="totop"><a href="#summary">back to summary</a></p>
<h3 id="m2">com.testCases.TC_003_LoginDataDrivenTest#dataDrivenTest</h3><table class="result"><tr class="param"><th>Parameter #1</th><th>Parameter #2</th><th>Parameter #3</th></tr><tr class="param stripe"><td>user@gmail.com</td><td>124</td><td>invalid</td></tr></table><p class="totop"><a href="#summary">back to summary</a></p>
<h2>firefox</h2><h3 id="m3">com.testCases.TC_003_LoginDataDrivenTest#dataDrivenTest</h3><table class="result"><tr class="param"><th>Parameter #1</th><th>Parameter #2</th><th>Parameter #3</th></tr><tr class="param stripe"><td>YRHlpUA@gmail.com</td><td>XfKNnLt@)!</td><td>valid</td></tr><tr><th colspan="3">Exception</th></tr><tr><td colspan="3"><div class="stacktrace">java.lang.AssertionError: null
	at com.testCases.TC_003_LoginDataDrivenTest.dataDrivenTest(TC_003_LoginDataDrivenTest.java:50)
	at java.base/java.util.ArrayList.forEach(ArrayList.java:1511)
... Removed 27 stack frames</div></td></tr></table><p class="totop"><a href="#summary">back to summary</a></p>
<h3 id="m4">com.testCases.TC_003_LoginDataDrivenTest#dataDrivenTest</h3><table class="result"><tr class="param"><th>Parameter #1</th><th>Parameter #2</th><th>Parameter #3</th></tr><tr class="param stripe"><td>test@gmail.com</td><td>123</td><td>invalid</td></tr></table><p class="totop"><a href="#summary">back to summary</a></p>
<h3 id="m5">com.testCases.TC_003_LoginDataDrivenTest#dataDrivenTest</h3><table class="result"><tr class="param"><th>Parameter #1</th><th>Parameter #2</th><th>Parameter #3</th></tr><tr class="param stripe"><td>user@gmail.com</td><td>124</td><td>invalid</td></tr></table><p class="totop"><a href="#summary">back to summary</a></p>
</body>
</html>
